<?xml version="1.0" encoding="UTF-8"?>
<testng-results skipped="0" failed="0" ignored="0" total="1" passed="1">
  <reporter-output>
  </reporter-output>
  <suite name="Default suite" duration-ms="35920" started-at="2021-02-11T08:08:10Z" finished-at="2021-02-11T08:08:46Z">
    <groups>
    </groups>
    <test name="Default test" duration-ms="35920" started-at="2021-02-11T08:08:10Z" finished-at="2021-02-11T08:08:46Z">
      <class name="com.appium.android.ScrolToViewTest">
        <test-method status="PASS" signature="loadLoggerFile()[pri:0, instance:com.appium.android.ScrolToViewTest@646d64ab]" name="loadLoggerFile" is-config="true" duration-ms="120" started-at="2021-02-11T13:38:10Z" finished-at="2021-02-11T13:38:10Z">
          <reporter-output>
          </reporter-output>
        </test-method> <!-- loadLoggerFile -->
        <test-method status="PASS" signature="setup()[pri:0, instance:com.appium.android.ScrolToViewTest@646d64ab]" name="setup" is-config="true" duration-ms="151" started-at="2021-02-11T13:38:10Z" finished-at="2021-02-11T13:38:10Z">
          <reporter-output>
          </reporter-output>
        </test-method> <!-- setup -->
        <test-method status="PASS" signature="initHomePage()[pri:0, instance:com.appium.android.ScrolToViewTest@646d64ab]" name="initHomePage" is-config="true" duration-ms="27548" started-at="2021-02-11T13:38:10Z" finished-at="2021-02-11T13:38:38Z">
          <reporter-output>
          </reporter-output>
        </test-method> <!-- initHomePage -->
        <test-method status="PASS" signature="beforeMethod(java.lang.reflect.Method)[pri:0, instance:com.appium.android.ScrolToViewTest@646d64ab]" name="beforeMethod" is-config="true" duration-ms="151" started-at="2021-02-11T13:38:38Z" finished-at="2021-02-11T13:38:38Z">
          <params>
            <param index="0">
              <value>
                <![CDATA[public void com.appium.android.ScrolToViewTest.androidScrollToViewTest()]]>
              </value>
            </param>
          </params>
          <reporter-output>
          </reporter-output>
        </test-method> <!-- beforeMethod -->
        <test-method status="PASS" signature="androidScrollToViewTest()[pri:0, instance:com.appium.android.ScrolToViewTest@646d64ab]" name="androidScrollToViewTest" duration-ms="7860" started-at="2021-02-11T13:38:38Z" finished-at="2021-02-11T13:38:46Z">
          <reporter-output>
          </reporter-output>
        </test-method> <!-- androidScrollToViewTest -->
        <test-method status="PASS" signature="assertAll()[pri:0, instance:com.appium.android.ScrolToViewTest@646d64ab]" name="assertAll" is-config="true" duration-ms="5" started-at="2021-02-11T13:38:46Z" finished-at="2021-02-11T13:38:46Z">
          <reporter-output>
          </reporter-output>
        </test-method> <!-- assertAll -->
        <test-method status="PASS" signature="afterMethod(org.testng.ITestResult)[pri:0, instance:com.appium.android.ScrolToViewTest@646d64ab]" name="afterMethod" is-config="true" duration-ms="336" started-at="2021-02-11T13:38:46Z" finished-at="2021-02-11T13:38:46Z">
          <params>
            <param index="0">
              <value>
                <![CDATA[[TestResult name=androidScrollToViewTest status=SUCCESS method=ScrolToViewTest.androidScrollToViewTest()[pri:0, instance:com.appium.android.ScrolToViewTest@646d64ab] output={null}]]]>
              </value>
            </param>
          </params>
          <reporter-output>
          </reporter-output>
        </test-method> <!-- afterMethod -->
      </class> <!-- com.appium.android.ScrolToViewTest -->
    </test> <!-- Default test -->
  </suite> <!-- Default suite -->
</testng-results>
